0 info it worked if it ends with ok
1 verbose cli [ '/usr/local/nvm/versions/node/v10.14.2/bin/node',
1 verbose cli   '/usr/local/nvm/versions/node/v10.14.2/bin/npm',
1 verbose cli   'run',
1 verbose cli   'test',
1 verbose cli   '--',
1 verbose cli   '--skipTests=${maven.test.skip}' ]
2 info using npm@6.14.6
3 info using node@v10.14.2
4 verbose run-script [ 'pretest', 'test', 'posttest' ]
5 info lifecycle step21-2020@1.0.0~pretest: step21-2020@1.0.0
6 info lifecycle step21-2020@1.0.0~test: step21-2020@1.0.0
7 verbose lifecycle step21-2020@1.0.0~test: unsafe-perm in lifecycle true
8 verbose lifecycle step21-2020@1.0.0~test: PATH: /usr/local/nvm/versions/node/v10.14.2/lib/node_modules/npm/node_modules/npm-lifecycle/node-gyp-bin:/home/nganttran/step21-2020/step/node_modules/.bin:/home/nganttran/.gems/bin:/usr/local/rvm/bin:/usr/local/go/bin:/opt/gradle/bin:/opt/maven/bin:/usr/local/sbin:/usr/local/bin:/usr/sbin:/usr/bin:/sbin:/bin:/usr/local/nvm/versions/node/v10.14.2/bin:/usr/local/rvm/bin:/google/go_appengine:/google/google_appengine:/home/nganttran/gopath/bin:/google/gopath/bin:/google/migrate/anthos/
9 verbose lifecycle step21-2020@1.0.0~test: CWD: /home/nganttran/step21-2020/step
10 silly lifecycle step21-2020@1.0.0~test: Args: [ '-c',
10 silly lifecycle   'node node_modules/gulp/bin/gulp.js --no-color test "--skipTests=${maven.test.skip}"' ]
11 info lifecycle step21-2020@1.0.0~test: Failed to exec test script
12 verbose stack Error: step21-2020@1.0.0 test: `node node_modules/gulp/bin/gulp.js --no-color test "--skipTests=${maven.test.skip}"`
12 verbose stack spawn ENOENT
12 verbose stack     at ChildProcess.<anonymous> (/usr/local/nvm/versions/node/v10.14.2/lib/node_modules/npm/node_modules/npm-lifecycle/lib/spawn.js:48:18)
12 verbose stack     at ChildProcess.emit (events.js:182:13)
12 verbose stack     at maybeClose (internal/child_process.js:962:16)
12 verbose stack     at Process.ChildProcess._handle.onexit (internal/child_process.js:251:5)
13 verbose pkgid step21-2020@1.0.0
14 verbose cwd /home/nganttran/step21-2020/step
15 verbose Linux 4.19.112+
16 verbose argv "/usr/local/nvm/versions/node/v10.14.2/bin/node" "/usr/local/nvm/versions/node/v10.14.2/bin/npm" "run" "test" "--" "--skipTests=${maven.test.skip}"
17 verbose node v10.14.2
18 verbose npm  v6.14.6
19 error code ELIFECYCLE
20 error syscall spawn
21 error file sh
22 error errno ENOENT
23 error step21-2020@1.0.0 test: `node node_modules/gulp/bin/gulp.js --no-color test "--skipTests=${maven.test.skip}"`
23 error spawn ENOENT
24 error Failed at the step21-2020@1.0.0 test script.
24 error This is probably not a problem with npm. There is likely additional logging output above.
25 verbose exit [ 1, true ]
